[+] Containers:
 |- [+] Container: /Game/Week15-16/Maps/FirstPersonMap
 |   |- [+] ActorDescs:
 |   |   |- Guid:0027C7EBB3A93E6286800D50C41ABF6D NativeClass:/Script/Engine.PostProcessVolume Name:PostProcessVolume_0 Label:PostProcessVolume SpatiallyLoaded:false EditorBounds:IsValid=true, Min=(X=0.000 Y=0.000 Z=400.000), Max=(X=200.000 Y=200.000 Z=600.000) RuntimeBounds:IsValid=true, Min=(X=0.000 Y=0.000 Z=400.000), Max=(X=200.000 Y=200.000 Z=600.000) RuntimeGrid:None EditorOnly:false RuntimeOnly:false HLODRelevant:false ListedInSceneOutliner:true IsMainWorldOnly:false FolderPath:Lighting FolderGuid:0BA5F0A04EADB18E70D5B180D08FA34B
 |   |   |- Guid:0B748FA7436C60E0BE3949805683103B BaseClass:/Game/Week15-16/Blueprint/BP_Emission_Primitive_5.BP_Emission_Primitive_5_C NativeClass:/Script/Engine.Actor Name:BP_Emission_Primitive_5_C_UAID_A85E453010AA0F4002_1214612730 Label:BP_Emission_Primitive_5 SpatiallyLoaded:true EditorBounds:IsValid=true, Min=(X=2450.000 Y=1270.000 Z=0.000), Max=(X=2550.000 Y=1370.000 Z=100.005) RuntimeBounds:IsValid=true, Min=(X=2450.000 Y=1270.000 Z=0.005), Max=(X=2550.000 Y=1370.000 Z=100.005) RuntimeGrid:None EditorOnly:false RuntimeOnly:false HLODRelevant:false ListedInSceneOutliner:true IsMainWorldOnly:false FolderPath:Primtive FolderGuid:125F603645E996A699A0849CDEC070D4
 |   |   |- Guid:1C8BB4324A78503BE0E403AD7D67E7C5 BaseClass:/Game/Week15-16/Blueprint/BP_Emission_Primitive_6.BP_Emission_Primitive_6_C NativeClass:/Script/Engine.Actor Name:BP_Emission_Primitive_6_C_UAID_A85E453010AA0F4002_1214624731 Label:BP_Emission_Primitive_6 SpatiallyLoaded:true EditorBounds:IsValid=true, Min=(X=2000.000 Y=1550.000 Z=0.000), Max=(X=2100.000 Y=1650.000 Z=30.000) RuntimeBounds:IsValid=true, Min=(X=2000.000 Y=1550.000 Z=0.000), Max=(X=2100.000 Y=1650.000 Z=30.000) RuntimeGrid:None EditorOnly:false RuntimeOnly:false HLODRelevant:false ListedInSceneOutliner:true IsMainWorldOnly:false FolderPath:Primtive FolderGuid:125F603645E996A699A0849CDEC070D4
 |   |   |- Guid:266B11AB422D3361A43BFC1F5458E98C NativeClass:/Script/Engine.StaticMeshActor Name:StaticMeshActor_9 Label:SM_Cube5 SpatiallyLoaded:true EditorBounds:IsValid=true, Min=(X=-0.000 Y=100.000 Z=0.000), Max=(X=100.000 Y=3400.000 Z=400.000) RuntimeBounds:IsValid=true, Min=(X=-0.000 Y=100.000 Z=0.000), Max=(X=100.000 Y=3400.000 Z=400.000) RuntimeGrid:None EditorOnly:false RuntimeOnly:false HLODRelevant:true ListedInSceneOutliner:true IsMainWorldOnly:false FolderPath:Playground FolderGuid:6C02BB504B69D1F3D7A624B130C18E5B
 |   |   |- Guid:29B3290ABA013D319B87C78F27856549 NativeClass:/Script/Engine.StaticMeshActor Name:StaticMeshActor_0 Label:SM_Cube SpatiallyLoaded:true EditorBounds:IsValid=true, Min=(X=0.000 Y=0.000 Z=-50.000), Max=(X=3000.000 Y=3500.000 Z=0.000) RuntimeBounds:IsValid=true, Min=(X=0.000 Y=0.000 Z=-50.000), Max=(X=3000.000 Y=3500.000 Z=0.000) RuntimeGrid:None EditorOnly:false RuntimeOnly:false HLODRelevant:true ListedInSceneOutliner:true IsMainWorldOnly:false FolderPath:Playground FolderGuid:6C02BB504B69D1F3D7A624B130C18E5B
 |   |   |- Guid:2A48899BCA5F37CAA66BF06C66F5BCCA BaseClass:/Game/FirstPerson/Blueprints/BP_Pickup_Rifle.BP_Pickup_Rifle_C NativeClass:/Script/Engine.Actor Name:BP_Rifle_C_1 Label:BP_Pickup_Rifle SpatiallyLoaded:true EditorBounds:IsValid=true, Min=(X=1378.000 Y=1718.000 Z=64.000), Max=(X=1442.000 Y=1807.440 Z=128.000) RuntimeBounds:IsValid=true, Min=(X=1378.000 Y=1718.000 Z=64.000), Max=(X=1442.000 Y=1807.440 Z=128.000) RuntimeGrid:None EditorOnly:false RuntimeOnly:false HLODRelevant:false ListedInSceneOutliner:true IsMainWorldOnly:false
 |   |   |- Guid:2CF0D8DF105C3610AE32923403DF448C NativeClass:/Script/Engine.StaticMeshActor Name:StaticMeshActor_4 Label:SM_Cube3 SpatiallyLoaded:true EditorBounds:IsValid=true, Min=(X=0.000 Y=3400.000 Z=0.000), Max=(X=3000.000 Y=3500.000 Z=400.000) RuntimeBounds:IsValid=true, Min=(X=0.000 Y=3400.000 Z=0.000), Max=(X=3000.000 Y=3500.000 Z=400.000) RuntimeGrid:None EditorOnly:false RuntimeOnly:false HLODRelevant:true ListedInSceneOutliner:true IsMainWorldOnly:false FolderPath:Playground FolderGuid:6C02BB504B69D1F3D7A624B130C18E5B
 |   |   |- Guid:32F3341782343CD0BFAD353AD91FE81A NativeClass:/Script/Engine.SkyAtmosphere Name:SkyAtmosphere_0 Label:SkyAtmosphere SpatiallyLoaded:false EditorBounds:IsValid=true, Min=(X=-128.000 Y=-128.000 Z=892.000), Max=(X=240.000 Y=128.000 Z=1148.000) RuntimeBounds:IsValid=true, Min=(X=0.000 Y=0.000 Z=1020.000), Max=(X=0.000 Y=0.000 Z=1020.000) RuntimeGrid:None EditorOnly:false RuntimeOnly:false HLODRelevant:false ListedInSceneOutliner:true IsMainWorldOnly:false FolderPath:Lighting FolderGuid:0BA5F0A04EADB18E70D5B180D08FA34B
 |   |   |- Guid:3847C093261A3D698DE39497910FB6BF NativeClass:/Script/Engine.StaticMeshActor Name:StaticMeshActor_UAID_A4AE111137DC5EFB00_2001720423 Label:SM_SkySphere SpatiallyLoaded:false EditorBounds:IsValid=true, Min=(X=-1638400.000 Y=-1638400.000 Z=-1638400.000), Max=(X=1638400.000 Y=1638400.000 Z=1638400.000) RuntimeBounds:IsValid=true, Min=(X=-1638400.000 Y=-1638400.000 Z=-1638400.000), Max=(X=1638400.000 Y=1638400.000 Z=1638400.000) RuntimeGrid:None EditorOnly:false RuntimeOnly:false HLODRelevant:false ListedInSceneOutliner:true IsMainWorldOnly:false FolderPath:Lighting FolderGuid:0BA5F0A04EADB18E70D5B180D08FA34B
 |   |   |- Guid:412130D7D30F334895993FA8BA3031ED NativeClass:/Script/Engine.SkyLight Name:SkyLight_0 Label:SkyLight SpatiallyLoaded:false EditorBounds:IsValid=true, Min=(X=-1.000 Y=-1.000 Z=-1.000), Max=(X=1.000 Y=1.000 Z=690.000) RuntimeBounds:IsValid=true, Min=(X=0.000 Y=0.000 Z=690.000), Max=(X=0.000 Y=0.000 Z=690.000) RuntimeGrid:None EditorOnly:false RuntimeOnly:false HLODRelevant:false ListedInSceneOutliner:true IsMainWorldOnly:false FolderPath:Lighting FolderGuid:0BA5F0A04EADB18E70D5B180D08FA34B
 |   |   |- Guid:5241D22745DEF5EC70B87BADCE658BDD BaseClass:/Game/Week15-16/Blueprint/BP_Emission_Primitive_2.BP_Emission_Primitive_2_C NativeClass:/Script/Engine.Actor Name:BP_Emission_Primitive_2_C_UAID_A85E453010AA0F4002_1214576727 Label:BP_Emission_Primitive_2 SpatiallyLoaded:true EditorBounds:IsValid=true, Min=(X=2000.000 Y=1980.000 Z=0.000), Max=(X=2100.000 Y=2080.000 Z=100.000) RuntimeBounds:IsValid=true, Min=(X=2000.000 Y=1980.000 Z=0.000), Max=(X=2100.000 Y=2080.000 Z=100.000) RuntimeGrid:None EditorOnly:false RuntimeOnly:false HLODRelevant:false ListedInSceneOutliner:true IsMainWorldOnly:false FolderPath:Primtive FolderGuid:125F603645E996A699A0849CDEC070D4
 |   |   |- Guid:5E1221CF64F43BF7BC585F6653F22578 NativeClass:/Script/Engine.WorldDataLayers Name:WorldDataLayers Label:WorldDataLayers SpatiallyLoaded:false EditorBounds:IsValid=false, Min=(X=0.000 Y=0.000 Z=0.000), Max=(X=0.000 Y=0.000 Z=0.000) RuntimeBounds:IsValid=false, Min=(X=0.000 Y=0.000 Z=0.000), Max=(X=0.000 Y=0.000 Z=0.000) RuntimeGrid:None EditorOnly:false RuntimeOnly:false HLODRelevant:false ListedInSceneOutliner:true IsMainWorldOnly:true
 |   |   |- Guid:6B2C486A4EEF560DF49990BB703EDC98 BaseClass:/Game/Week15-16/Blueprint/BP_Emission_Primitive_3.BP_Emission_Primitive_3_C NativeClass:/Script/Engine.Actor Name:BP_Emission_Primitive_3_C_UAID_A85E453010AA0F4002_1214588728 Label:BP_Emission_Primitive_3 SpatiallyLoaded:true EditorBounds:IsValid=true, Min=(X=2420.000 Y=1690.000 Z=0.000), Max=(X=2520.000 Y=1790.000 Z=100.000) RuntimeBounds:IsValid=true, Min=(X=2420.000 Y=1690.000 Z=0.000), Max=(X=2520.000 Y=1790.000 Z=100.000) RuntimeGrid:None EditorOnly:false RuntimeOnly:false HLODRelevant:false ListedInSceneOutliner:true IsMainWorldOnly:false FolderPath:Primtive FolderGuid:125F603645E996A699A0849CDEC070D4
 |   |   |- Guid:82ABCAF043FF0D47BC28E1952A4A12FB BaseClass:/Game/Week15-16/Blueprint/BP_Emission_Primitive_1.BP_Emission_Primitive_1_C NativeClass:/Script/Engine.Actor Name:BP_Emission_Primitive_1_C_UAID_A85E453010AA0F4002_1214563726 Label:BP_Emission_Primitive_1 SpatiallyLoaded:true EditorBounds:IsValid=true, Min=(X=2060.000 Y=1270.000 Z=0.000), Max=(X=2160.000 Y=1370.000 Z=100.000) RuntimeBounds:IsValid=true, Min=(X=2060.000 Y=1270.000 Z=0.000), Max=(X=2160.000 Y=1370.000 Z=100.000) RuntimeGrid:None EditorOnly:false RuntimeOnly:false HLODRelevant:false ListedInSceneOutliner:true IsMainWorldOnly:false FolderPath:Primtive FolderGuid:125F603645E996A699A0849CDEC070D4
 |   |   |- Guid:995D1FCE4FE92FB365863BB2A3986DDB BaseClass:/Game/Week15-16/Blueprint/BP_Emission_Primitive_4.BP_Emission_Primitive_4_C NativeClass:/Script/Engine.Actor Name:BP_Emission_Primitive_4_C_UAID_A85E453010AA0F4002_1214600729 Label:BP_Emission_Primitive_4 SpatiallyLoaded:true EditorBounds:IsValid=true, Min=(X=2325.000 Y=2225.000 Z=0.000), Max=(X=2375.000 Y=2275.000 Z=100.000) RuntimeBounds:IsValid=true, Min=(X=2325.000 Y=2225.000 Z=0.000), Max=(X=2375.000 Y=2275.000 Z=100.000) RuntimeGrid:None EditorOnly:false RuntimeOnly:false HLODRelevant:false ListedInSceneOutliner:true IsMainWorldOnly:false FolderPath:Primtive FolderGuid:125F603645E996A699A0849CDEC070D4
 |   |   |- Guid:9B837F5A7271363AAFEFD6B7CAA84884 NativeClass:/Script/Engine.ExponentialHeightFog Name:ExponentialHeightFog_0 Label:ExponentialHeightFog SpatiallyLoaded:false EditorBounds:IsValid=true, Min=(X=-5728.000 Y=-178.000 Z=-6978.000), Max=(X=-5472.000 Y=78.000 Z=-6722.000) RuntimeBounds:IsValid=true, Min=(X=-5600.000 Y=-50.000 Z=-6850.000), Max=(X=-5600.000 Y=-50.000 Z=-6850.000) RuntimeGrid:None EditorOnly:false RuntimeOnly:false HLODRelevant:false ListedInSceneOutliner:true IsMainWorldOnly:false FolderPath:Lighting FolderGuid:0BA5F0A04EADB18E70D5B180D08FA34B
 |   |   |- Guid:B6ECA75C490E4E6D8BE73EB2D8604087 BaseClass:/Game/Week15-16/Blueprint/BP_Emission_Primitive_7.BP_Emission_Primitive_7_C NativeClass:/Script/Engine.Actor Name:BP_Emission_Primitive_7_C_UAID_A85E453010AA0F4002_1214636732 Label:BP_Emission_Primitive_7 SpatiallyLoaded:true EditorBounds:IsValid=true, Min=(X=2110.000 Y=1820.000 Z=0.000), Max=(X=2210.000 Y=1920.000 Z=100.000) RuntimeBounds:IsValid=true, Min=(X=2110.000 Y=1820.000 Z=0.000), Max=(X=2210.000 Y=1920.000 Z=100.000) RuntimeGrid:None EditorOnly:false RuntimeOnly:false HLODRelevant:false ListedInSceneOutliner:true IsMainWorldOnly:false FolderPath:Primtive FolderGuid:125F603645E996A699A0849CDEC070D4
 |   |   |- Guid:CD8AD1C1E14D390AB594843295C16BF4 NativeClass:/Script/Engine.DirectionalLight Name:DirectionalLight_1 Label:DirectionalLight SpatiallyLoaded:false EditorBounds:IsValid=false, Min=(X=0.000 Y=0.000 Z=0.000), Max=(X=0.000 Y=0.000 Z=0.000) RuntimeBounds:IsValid=false, Min=(X=0.000 Y=0.000 Z=0.000), Max=(X=0.000 Y=0.000 Z=0.000) RuntimeGrid:None EditorOnly:false RuntimeOnly:false HLODRelevant:false ListedInSceneOutliner:true IsMainWorldOnly:false FolderPath:Lighting FolderGuid:0BA5F0A04EADB18E70D5B180D08FA34B
 |   |   |- Guid:D7C6B94F4A82AE4CDA702D86E902F057 NativeClass:/Script/Engine.StaticMeshActor Name:StaticMeshActor_UAID_A85E453010AA014002_1538068255 Label:SM_Cube4 SpatiallyLoaded:true EditorBounds:IsValid=true, Min=(X=0.000 Y=0.000 Z=350.000), Max=(X=1400.000 Y=3500.000 Z=400.000) RuntimeBounds:IsValid=true, Min=(X=0.000 Y=0.000 Z=350.000), Max=(X=1400.000 Y=3500.000 Z=400.000) RuntimeGrid:None EditorOnly:false RuntimeOnly:false HLODRelevant:true ListedInSceneOutliner:true IsMainWorldOnly:false FolderPath:Playground FolderGuid:6C02BB504B69D1F3D7A624B130C18E5B
 |   |   |- Guid:DA6F795A6AE53B0695183AE24F410B9A NativeClass:/Script/Engine.TextRenderActor Name:TextRenderActor_1 Label:TextRenderActor SpatiallyLoaded:true EditorBounds:IsValid=true, Min=(X=-128.100 Y=972.000 Z=12.013), Max=(X=127.900 Y=2363.461 Z=268.013) RuntimeBounds:IsValid=true, Min=(X=-0.100 Y=1100.000 Z=65.013), Max=(X=-0.100 Y=2363.461 Z=215.013) RuntimeGrid:None EditorOnly:false RuntimeOnly:false HLODRelevant:false ListedInSceneOutliner:true IsMainWorldOnly:false
 |   |   |- Guid:DDB5FF31C2EF38D3A6778E95D2EDD61B NativeClass:/Script/Engine.VolumetricCloud Name:VolumetricCloud_0 Label:VolumetricCloud SpatiallyLoaded:false EditorBounds:IsValid=true, Min=(X=-128.000 Y=-128.000 Z=692.000), Max=(X=128.000 Y=128.000 Z=948.000) RuntimeBounds:IsValid=true, Min=(X=0.000 Y=0.000 Z=820.000), Max=(X=0.000 Y=0.000 Z=820.000) RuntimeGrid:None EditorOnly:false RuntimeOnly:false HLODRelevant:false ListedInSceneOutliner:true IsMainWorldOnly:false FolderPath:Lighting FolderGuid:0BA5F0A04EADB18E70D5B180D08FA34B
 |   |   |- Guid:DE602F7731C433E0B10468F0AC3B6402 NativeClass:/Script/Engine.PlayerStart Name:PlayerStart_0 Label:PlayerStart SpatiallyLoaded:false EditorBounds:IsValid=true, Min=(X=772.000 Y=1622.000 Z=-36.000), Max=(X=1140.000 Y=1878.000 Z=220.000) RuntimeBounds:IsValid=true, Min=(X=860.000 Y=1710.000 Z=0.000), Max=(X=940.000 Y=1790.000 Z=184.000) RuntimeGrid:None EditorOnly:false RuntimeOnly:false HLODRelevant:false ListedInSceneOutliner:true IsMainWorldOnly:false
 |   |   |- Guid:E890BAAB06433486B366CAAF699866E8 NativeClass:/Script/Engine.StaticMeshActor Name:StaticMeshActor_3 Label:SM_Cube2 SpatiallyLoaded:true EditorBounds:IsValid=true, Min=(X=0.000 Y=0.000 Z=0.000), Max=(X=3000.000 Y=100.000 Z=400.000) RuntimeBounds:IsValid=true, Min=(X=0.000 Y=0.000 Z=0.000), Max=(X=3000.000 Y=100.000 Z=400.000) RuntimeGrid:None EditorOnly:false RuntimeOnly:false HLODRelevant:true ListedInSceneOutliner:true IsMainWorldOnly:false FolderPath:Playground FolderGuid:6C02BB504B69D1F3D7A624B130C18E5B
 |   |   |- Guid:FD97C845D39B33DDA4896DB31CF3CDB5 NativeClass:/Script/Engine.StaticMeshActor Name:StaticMeshActor_10 Label:SM_Cube6 SpatiallyLoaded:true EditorBounds:IsValid=true, Min=(X=2900.000 Y=100.000 Z=0.000), Max=(X=3000.000 Y=3400.000 Z=400.000) RuntimeBounds:IsValid=true, Min=(X=2900.000 Y=100.000 Z=0.000), Max=(X=3000.000 Y=3400.000 Z=400.000) RuntimeGrid:None EditorOnly:false RuntimeOnly:false HLODRelevant:true ListedInSceneOutliner:true IsMainWorldOnly:false FolderPath:Playground FolderGuid:6C02BB504B69D1F3D7A624B130C18E5B
 |   |- [+] Clusters:
 |   |   |- [+] [  0]
 |   |   |   |- Guid:0027C7EBB3A93E6286800D50C41ABF6D NativeClass:/Script/Engine.PostProcessVolume Name:PostProcessVolume_0 Label:PostProcessVolume SpatiallyLoaded:false EditorBounds:IsValid=true, Min=(X=0.000 Y=0.000 Z=400.000), Max=(X=200.000 Y=200.000 Z=600.000) RuntimeBounds:IsValid=true, Min=(X=0.000 Y=0.000 Z=400.000), Max=(X=200.000 Y=200.000 Z=600.000) RuntimeGrid:None EditorOnly:false RuntimeOnly:false HLODRelevant:false ListedInSceneOutliner:true IsMainWorldOnly:false FolderPath:Lighting FolderGuid:0BA5F0A04EADB18E70D5B180D08FA34B
 |   |   |- [+] [  1]
 |   |   |   |- Guid:0B748FA7436C60E0BE3949805683103B BaseClass:/Game/Week15-16/Blueprint/BP_Emission_Primitive_5.BP_Emission_Primitive_5_C NativeClass:/Script/Engine.Actor Name:BP_Emission_Primitive_5_C_UAID_A85E453010AA0F4002_1214612730 Label:BP_Emission_Primitive_5 SpatiallyLoaded:true EditorBounds:IsValid=true, Min=(X=2450.000 Y=1270.000 Z=0.000), Max=(X=2550.000 Y=1370.000 Z=100.005) RuntimeBounds:IsValid=true, Min=(X=2450.000 Y=1270.000 Z=0.005), Max=(X=2550.000 Y=1370.000 Z=100.005) RuntimeGrid:None EditorOnly:false RuntimeOnly:false HLODRelevant:false ListedInSceneOutliner:true IsMainWorldOnly:false FolderPath:Primtive FolderGuid:125F603645E996A699A0849CDEC070D4
 |   |   |- [+] [  2]
 |   |   |   |- Guid:1C8BB4324A78503BE0E403AD7D67E7C5 BaseClass:/Game/Week15-16/Blueprint/BP_Emission_Primitive_6.BP_Emission_Primitive_6_C NativeClass:/Script/Engine.Actor Name:BP_Emission_Primitive_6_C_UAID_A85E453010AA0F4002_1214624731 Label:BP_Emission_Primitive_6 SpatiallyLoaded:true EditorBounds:IsValid=true, Min=(X=2000.000 Y=1550.000 Z=0.000), Max=(X=2100.000 Y=1650.000 Z=30.000) RuntimeBounds:IsValid=true, Min=(X=2000.000 Y=1550.000 Z=0.000), Max=(X=2100.000 Y=1650.000 Z=30.000) RuntimeGrid:None EditorOnly:false RuntimeOnly:false HLODRelevant:false ListedInSceneOutliner:true IsMainWorldOnly:false FolderPath:Primtive FolderGuid:125F603645E996A699A0849CDEC070D4
 |   |   |- [+] [  3]
 |   |   |   |- Guid:266B11AB422D3361A43BFC1F5458E98C NativeClass:/Script/Engine.StaticMeshActor Name:StaticMeshActor_9 Label:SM_Cube5 SpatiallyLoaded:true EditorBounds:IsValid=true, Min=(X=-0.000 Y=100.000 Z=0.000), Max=(X=100.000 Y=3400.000 Z=400.000) RuntimeBounds:IsValid=true, Min=(X=-0.000 Y=100.000 Z=0.000), Max=(X=100.000 Y=3400.000 Z=400.000) RuntimeGrid:None EditorOnly:false RuntimeOnly:false HLODRelevant:true ListedInSceneOutliner:true IsMainWorldOnly:false FolderPath:Playground FolderGuid:6C02BB504B69D1F3D7A624B130C18E5B
 |   |   |- [+] [  4]
 |   |   |   |- Guid:29B3290ABA013D319B87C78F27856549 NativeClass:/Script/Engine.StaticMeshActor Name:StaticMeshActor_0 Label:SM_Cube SpatiallyLoaded:true EditorBounds:IsValid=true, Min=(X=0.000 Y=0.000 Z=-50.000), Max=(X=3000.000 Y=3500.000 Z=0.000) RuntimeBounds:IsValid=true, Min=(X=0.000 Y=0.000 Z=-50.000), Max=(X=3000.000 Y=3500.000 Z=0.000) RuntimeGrid:None EditorOnly:false RuntimeOnly:false HLODRelevant:true ListedInSceneOutliner:true IsMainWorldOnly:false FolderPath:Playground FolderGuid:6C02BB504B69D1F3D7A624B130C18E5B
 |   |   |- [+] [  5]
 |   |   |   |- Guid:2A48899BCA5F37CAA66BF06C66F5BCCA BaseClass:/Game/FirstPerson/Blueprints/BP_Pickup_Rifle.BP_Pickup_Rifle_C NativeClass:/Script/Engine.Actor Name:BP_Rifle_C_1 Label:BP_Pickup_Rifle SpatiallyLoaded:true EditorBounds:IsValid=true, Min=(X=1378.000 Y=1718.000 Z=64.000), Max=(X=1442.000 Y=1807.440 Z=128.000) RuntimeBounds:IsValid=true, Min=(X=1378.000 Y=1718.000 Z=64.000), Max=(X=1442.000 Y=1807.440 Z=128.000) RuntimeGrid:None EditorOnly:false RuntimeOnly:false HLODRelevant:false ListedInSceneOutliner:true IsMainWorldOnly:false
 |   |   |- [+] [  6]
 |   |   |   |- Guid:2CF0D8DF105C3610AE32923403DF448C NativeClass:/Script/Engine.StaticMeshActor Name:StaticMeshActor_4 Label:SM_Cube3 SpatiallyLoaded:true EditorBounds:IsValid=true, Min=(X=0.000 Y=3400.000 Z=0.000), Max=(X=3000.000 Y=3500.000 Z=400.000) RuntimeBounds:IsValid=true, Min=(X=0.000 Y=3400.000 Z=0.000), Max=(X=3000.000 Y=3500.000 Z=400.000) RuntimeGrid:None EditorOnly:false RuntimeOnly:false HLODRelevant:true ListedInSceneOutliner:true IsMainWorldOnly:false FolderPath:Playground FolderGuid:6C02BB504B69D1F3D7A624B130C18E5B
 |   |   |- [+] [  7]
 |   |   |   |- Guid:32F3341782343CD0BFAD353AD91FE81A NativeClass:/Script/Engine.SkyAtmosphere Name:SkyAtmosphere_0 Label:SkyAtmosphere SpatiallyLoaded:false EditorBounds:IsValid=true, Min=(X=-128.000 Y=-128.000 Z=892.000), Max=(X=240.000 Y=128.000 Z=1148.000) RuntimeBounds:IsValid=true, Min=(X=0.000 Y=0.000 Z=1020.000), Max=(X=0.000 Y=0.000 Z=1020.000) RuntimeGrid:None EditorOnly:false RuntimeOnly:false HLODRelevant:false ListedInSceneOutliner:true IsMainWorldOnly:false FolderPath:Lighting FolderGuid:0BA5F0A04EADB18E70D5B180D08FA34B
 |   |   |- [+] [  8]
 |   |   |   |- Guid:3847C093261A3D698DE39497910FB6BF NativeClass:/Script/Engine.StaticMeshActor Name:StaticMeshActor_UAID_A4AE111137DC5EFB00_2001720423 Label:SM_SkySphere SpatiallyLoaded:false EditorBounds:IsValid=true, Min=(X=-1638400.000 Y=-1638400.000 Z=-1638400.000), Max=(X=1638400.000 Y=1638400.000 Z=1638400.000) RuntimeBounds:IsValid=true, Min=(X=-1638400.000 Y=-1638400.000 Z=-1638400.000), Max=(X=1638400.000 Y=1638400.000 Z=1638400.000) RuntimeGrid:None EditorOnly:false RuntimeOnly:false HLODRelevant:false ListedInSceneOutliner:true IsMainWorldOnly:false FolderPath:Lighting FolderGuid:0BA5F0A04EADB18E70D5B180D08FA34B
 |   |   |- [+] [  9]
 |   |   |   |- Guid:412130D7D30F334895993FA8BA3031ED NativeClass:/Script/Engine.SkyLight Name:SkyLight_0 Label:SkyLight SpatiallyLoaded:false EditorBounds:IsValid=true, Min=(X=-1.000 Y=-1.000 Z=-1.000), Max=(X=1.000 Y=1.000 Z=690.000) RuntimeBounds:IsValid=true, Min=(X=0.000 Y=0.000 Z=690.000), Max=(X=0.000 Y=0.000 Z=690.000) RuntimeGrid:None EditorOnly:false RuntimeOnly:false HLODRelevant:false ListedInSceneOutliner:true IsMainWorldOnly:false FolderPath:Lighting FolderGuid:0BA5F0A04EADB18E70D5B180D08FA34B
 |   |   |- [+] [ 10]
 |   |   |   |- Guid:5241D22745DEF5EC70B87BADCE658BDD BaseClass:/Game/Week15-16/Blueprint/BP_Emission_Primitive_2.BP_Emission_Primitive_2_C NativeClass:/Script/Engine.Actor Name:BP_Emission_Primitive_2_C_UAID_A85E453010AA0F4002_1214576727 Label:BP_Emission_Primitive_2 SpatiallyLoaded:true EditorBounds:IsValid=true, Min=(X=2000.000 Y=1980.000 Z=0.000), Max=(X=2100.000 Y=2080.000 Z=100.000) RuntimeBounds:IsValid=true, Min=(X=2000.000 Y=1980.000 Z=0.000), Max=(X=2100.000 Y=2080.000 Z=100.000) RuntimeGrid:None EditorOnly:false RuntimeOnly:false HLODRelevant:false ListedInSceneOutliner:true IsMainWorldOnly:false FolderPath:Primtive FolderGuid:125F603645E996A699A0849CDEC070D4
 |   |   |- [+] [ 11]
 |   |   |   |- Guid:5E1221CF64F43BF7BC585F6653F22578 NativeClass:/Script/Engine.WorldDataLayers Name:WorldDataLayers Label:WorldDataLayers SpatiallyLoaded:false EditorBounds:IsValid=false, Min=(X=0.000 Y=0.000 Z=0.000), Max=(X=0.000 Y=0.000 Z=0.000) RuntimeBounds:IsValid=false, Min=(X=0.000 Y=0.000 Z=0.000), Max=(X=0.000 Y=0.000 Z=0.000) RuntimeGrid:None EditorOnly:false RuntimeOnly:false HLODRelevant:false ListedInSceneOutliner:true IsMainWorldOnly:true
 |   |   |- [+] [ 12]
 |   |   |   |- Guid:6B2C486A4EEF560DF49990BB703EDC98 BaseClass:/Game/Week15-16/Blueprint/BP_Emission_Primitive_3.BP_Emission_Primitive_3_C NativeClass:/Script/Engine.Actor Name:BP_Emission_Primitive_3_C_UAID_A85E453010AA0F4002_1214588728 Label:BP_Emission_Primitive_3 SpatiallyLoaded:true EditorBounds:IsValid=true, Min=(X=2420.000 Y=1690.000 Z=0.000), Max=(X=2520.000 Y=1790.000 Z=100.000) RuntimeBounds:IsValid=true, Min=(X=2420.000 Y=1690.000 Z=0.000), Max=(X=2520.000 Y=1790.000 Z=100.000) RuntimeGrid:None EditorOnly:false RuntimeOnly:false HLODRelevant:false ListedInSceneOutliner:true IsMainWorldOnly:false FolderPath:Primtive FolderGuid:125F603645E996A699A0849CDEC070D4
 |   |   |- [+] [ 13]
 |   |   |   |- Guid:82ABCAF043FF0D47BC28E1952A4A12FB BaseClass:/Game/Week15-16/Blueprint/BP_Emission_Primitive_1.BP_Emission_Primitive_1_C NativeClass:/Script/Engine.Actor Name:BP_Emission_Primitive_1_C_UAID_A85E453010AA0F4002_1214563726 Label:BP_Emission_Primitive_1 SpatiallyLoaded:true EditorBounds:IsValid=true, Min=(X=2060.000 Y=1270.000 Z=0.000), Max=(X=2160.000 Y=1370.000 Z=100.000) RuntimeBounds:IsValid=true, Min=(X=2060.000 Y=1270.000 Z=0.000), Max=(X=2160.000 Y=1370.000 Z=100.000) RuntimeGrid:None EditorOnly:false RuntimeOnly:false HLODRelevant:false ListedInSceneOutliner:true IsMainWorldOnly:false FolderPath:Primtive FolderGuid:125F603645E996A699A0849CDEC070D4
 |   |   |- [+] [ 14]
 |   |   |   |- Guid:995D1FCE4FE92FB365863BB2A3986DDB BaseClass:/Game/Week15-16/Blueprint/BP_Emission_Primitive_4.BP_Emission_Primitive_4_C NativeClass:/Script/Engine.Actor Name:BP_Emission_Primitive_4_C_UAID_A85E453010AA0F4002_1214600729 Label:BP_Emission_Primitive_4 SpatiallyLoaded:true EditorBounds:IsValid=true, Min=(X=2325.000 Y=2225.000 Z=0.000), Max=(X=2375.000 Y=2275.000 Z=100.000) RuntimeBounds:IsValid=true, Min=(X=2325.000 Y=2225.000 Z=0.000), Max=(X=2375.000 Y=2275.000 Z=100.000) RuntimeGrid:None EditorOnly:false RuntimeOnly:false HLODRelevant:false ListedInSceneOutliner:true IsMainWorldOnly:false FolderPath:Primtive FolderGuid:125F603645E996A699A0849CDEC070D4
 |   |   |- [+] [ 15]
 |   |   |   |- Guid:9B837F5A7271363AAFEFD6B7CAA84884 NativeClass:/Script/Engine.ExponentialHeightFog Name:ExponentialHeightFog_0 Label:ExponentialHeightFog SpatiallyLoaded:false EditorBounds:IsValid=true, Min=(X=-5728.000 Y=-178.000 Z=-6978.000), Max=(X=-5472.000 Y=78.000 Z=-6722.000) RuntimeBounds:IsValid=true, Min=(X=-5600.000 Y=-50.000 Z=-6850.000), Max=(X=-5600.000 Y=-50.000 Z=-6850.000) RuntimeGrid:None EditorOnly:false RuntimeOnly:false HLODRelevant:false ListedInSceneOutliner:true IsMainWorldOnly:false FolderPath:Lighting FolderGuid:0BA5F0A04EADB18E70D5B180D08FA34B
 |   |   |- [+] [ 16]
 |   |   |   |- Guid:B6ECA75C490E4E6D8BE73EB2D8604087 BaseClass:/Game/Week15-16/Blueprint/BP_Emission_Primitive_7.BP_Emission_Primitive_7_C NativeClass:/Script/Engine.Actor Name:BP_Emission_Primitive_7_C_UAID_A85E453010AA0F4002_1214636732 Label:BP_Emission_Primitive_7 SpatiallyLoaded:true EditorBounds:IsValid=true, Min=(X=2110.000 Y=1820.000 Z=0.000), Max=(X=2210.000 Y=1920.000 Z=100.000) RuntimeBounds:IsValid=true, Min=(X=2110.000 Y=1820.000 Z=0.000), Max=(X=2210.000 Y=1920.000 Z=100.000) RuntimeGrid:None EditorOnly:false RuntimeOnly:false HLODRelevant:false ListedInSceneOutliner:true IsMainWorldOnly:false FolderPath:Primtive FolderGuid:125F603645E996A699A0849CDEC070D4
 |   |   |- [+] [ 17]
 |   |   |   |- Guid:CD8AD1C1E14D390AB594843295C16BF4 NativeClass:/Script/Engine.DirectionalLight Name:DirectionalLight_1 Label:DirectionalLight SpatiallyLoaded:false EditorBounds:IsValid=false, Min=(X=0.000 Y=0.000 Z=0.000), Max=(X=0.000 Y=0.000 Z=0.000) RuntimeBounds:IsValid=false, Min=(X=0.000 Y=0.000 Z=0.000), Max=(X=0.000 Y=0.000 Z=0.000) RuntimeGrid:None EditorOnly:false RuntimeOnly:false HLODRelevant:false ListedInSceneOutliner:true IsMainWorldOnly:false FolderPath:Lighting FolderGuid:0BA5F0A04EADB18E70D5B180D08FA34B
 |   |   |- [+] [ 18]
 |   |   |   |- Guid:D7C6B94F4A82AE4CDA702D86E902F057 NativeClass:/Script/Engine.StaticMeshActor Name:StaticMeshActor_UAID_A85E453010AA014002_1538068255 Label:SM_Cube4 SpatiallyLoaded:true EditorBounds:IsValid=true, Min=(X=0.000 Y=0.000 Z=350.000), Max=(X=1400.000 Y=3500.000 Z=400.000) RuntimeBounds:IsValid=true, Min=(X=0.000 Y=0.000 Z=350.000), Max=(X=1400.000 Y=3500.000 Z=400.000) RuntimeGrid:None EditorOnly:false RuntimeOnly:false HLODRelevant:true ListedInSceneOutliner:true IsMainWorldOnly:false FolderPath:Playground FolderGuid:6C02BB504B69D1F3D7A624B130C18E5B
 |   |   |- [+] [ 19]
 |   |   |   |- Guid:DA6F795A6AE53B0695183AE24F410B9A NativeClass:/Script/Engine.TextRenderActor Name:TextRenderActor_1 Label:TextRenderActor SpatiallyLoaded:true EditorBounds:IsValid=true, Min=(X=-128.100 Y=972.000 Z=12.013), Max=(X=127.900 Y=2363.461 Z=268.013) RuntimeBounds:IsValid=true, Min=(X=-0.100 Y=1100.000 Z=65.013), Max=(X=-0.100 Y=2363.461 Z=215.013) RuntimeGrid:None EditorOnly:false RuntimeOnly:false HLODRelevant:false ListedInSceneOutliner:true IsMainWorldOnly:false
 |   |   |- [+] [ 20]
 |   |   |   |- Guid:DDB5FF31C2EF38D3A6778E95D2EDD61B NativeClass:/Script/Engine.VolumetricCloud Name:VolumetricCloud_0 Label:VolumetricCloud SpatiallyLoaded:false EditorBounds:IsValid=true, Min=(X=-128.000 Y=-128.000 Z=692.000), Max=(X=128.000 Y=128.000 Z=948.000) RuntimeBounds:IsValid=true, Min=(X=0.000 Y=0.000 Z=820.000), Max=(X=0.000 Y=0.000 Z=820.000) RuntimeGrid:None EditorOnly:false RuntimeOnly:false HLODRelevant:false ListedInSceneOutliner:true IsMainWorldOnly:false FolderPath:Lighting FolderGuid:0BA5F0A04EADB18E70D5B180D08FA34B
 |   |   |- [+] [ 21]
 |   |   |   |- Guid:DE602F7731C433E0B10468F0AC3B6402 NativeClass:/Script/Engine.PlayerStart Name:PlayerStart_0 Label:PlayerStart SpatiallyLoaded:false EditorBounds:IsValid=true, Min=(X=772.000 Y=1622.000 Z=-36.000), Max=(X=1140.000 Y=1878.000 Z=220.000) RuntimeBounds:IsValid=true, Min=(X=860.000 Y=1710.000 Z=0.000), Max=(X=940.000 Y=1790.000 Z=184.000) RuntimeGrid:None EditorOnly:false RuntimeOnly:false HLODRelevant:false ListedInSceneOutliner:true IsMainWorldOnly:false
 |   |   |- [+] [ 22]
 |   |   |   |- Guid:E890BAAB06433486B366CAAF699866E8 NativeClass:/Script/Engine.StaticMeshActor Name:StaticMeshActor_3 Label:SM_Cube2 SpatiallyLoaded:true EditorBounds:IsValid=true, Min=(X=0.000 Y=0.000 Z=0.000), Max=(X=3000.000 Y=100.000 Z=400.000) RuntimeBounds:IsValid=true, Min=(X=0.000 Y=0.000 Z=0.000), Max=(X=3000.000 Y=100.000 Z=400.000) RuntimeGrid:None EditorOnly:false RuntimeOnly:false HLODRelevant:true ListedInSceneOutliner:true IsMainWorldOnly:false FolderPath:Playground FolderGuid:6C02BB504B69D1F3D7A624B130C18E5B
 |   |   |- [+] [ 23]
 |   |   |   |- Guid:FD97C845D39B33DDA4896DB31CF3CDB5 NativeClass:/Script/Engine.StaticMeshActor Name:StaticMeshActor_10 Label:SM_Cube6 SpatiallyLoaded:true EditorBounds:IsValid=true, Min=(X=2900.000 Y=100.000 Z=0.000), Max=(X=3000.000 Y=3400.000 Z=400.000) RuntimeBounds:IsValid=true, Min=(X=2900.000 Y=100.000 Z=0.000), Max=(X=3000.000 Y=3400.000 Z=400.000) RuntimeGrid:None EditorOnly:false RuntimeOnly:false HLODRelevant:true ListedInSceneOutliner:true IsMainWorldOnly:false FolderPath:Playground FolderGuid:6C02BB504B69D1F3D7A624B130C18E5B
 |- ContainerInstances:
 |- [+] MainContainer:
 |   |-        ID: 00000000000000000000000000000000
 |   |-  ParentID: 00000000000000000000000000000000
 |   |-    Bounds: IsValid=false, Min=(X=0.000 Y=0.000 Z=0.000), Max=(X=0.000 Y=0.000 Z=0.000)
 |   |- Transform: 0.000000,0.000000,0.000000|0.000000,0.000000,-0.000000|1.000000,1.000000,1.000000
 |   |- Container: /Game/Week15-16/Maps/FirstPersonMap
----------------------------------------------------------------------------------------------------------------
FirstPersonMap - Persistent Level
----------------------------------------------------------------------------------------------------------------
[+] Content of FirstPersonMap Persistent Level
 |- Always loaded Actor Count: 24 
 |- Actor Path: /Game/Week15-16/Maps/FirstPersonMap.FirstPersonMap:PersistentLevel.BP_Emission_Primitive_1_C_UAID_A85E453010AA0F4002_1214563726
 |- Actor Package: /Game/__ExternalActors__/Week15-16/Maps/FirstPersonMap/2/JT/VJ5Q1KDTTQ3Q1YLBGMJL2I
 |- Actor Path: /Game/Week15-16/Maps/FirstPersonMap.FirstPersonMap:PersistentLevel.BP_Emission_Primitive_2_C_UAID_A85E453010AA0F4002_1214576727
 |- Actor Package: /Game/__ExternalActors__/Week15-16/Maps/FirstPersonMap/6/KT/0OHZMDVZJTD51A37F1QHWD
 |- Actor Path: /Game/Week15-16/Maps/FirstPersonMap.FirstPersonMap:PersistentLevel.BP_Emission_Primitive_3_C_UAID_A85E453010AA0F4002_1214588728
 |- Actor Package: /Game/__ExternalActors__/Week15-16/Maps/FirstPersonMap/B/7V/YXA423EW4A3EACHD5BQL2K
 |- Actor Path: /Game/Week15-16/Maps/FirstPersonMap.FirstPersonMap:PersistentLevel.BP_Emission_Primitive_4_C_UAID_A85E453010AA0F4002_1214600729
 |- Actor Package: /Game/__ExternalActors__/Week15-16/Maps/FirstPersonMap/8/YW/KR08IQEVYQG5U7XCYSZUAP
 |- Actor Path: /Game/Week15-16/Maps/FirstPersonMap.FirstPersonMap:PersistentLevel.BP_Emission_Primitive_5_C_UAID_A85E453010AA0F4002_1214612730
 |- Actor Package: /Game/__ExternalActors__/Week15-16/Maps/FirstPersonMap/D/9W/JRWD8A891YOHU4DYAOPVCU
 |- Actor Path: /Game/Week15-16/Maps/FirstPersonMap.FirstPersonMap:PersistentLevel.BP_Emission_Primitive_6_C_UAID_A85E453010AA0F4002_1214624731
 |- Actor Package: /Game/__ExternalActors__/Week15-16/Maps/FirstPersonMap/2/E4/2K39VN600AP4BXXZL8YG3J
 |- Actor Path: /Game/Week15-16/Maps/FirstPersonMap.FirstPersonMap:PersistentLevel.BP_Emission_Primitive_7_C_UAID_A85E453010AA0F4002_1214636732
 |- Actor Package: /Game/__ExternalActors__/Week15-16/Maps/FirstPersonMap/D/LF/QWJ0PQ28TB3FIIONNLOKYP
 |- Actor Path: /Game/Week15-16/Maps/FirstPersonMap.FirstPersonMap:PersistentLevel.BP_Rifle_C_1
 |- Actor Package: /Game/__ExternalActors__/Week15-16/Maps/FirstPersonMap/5/8C/EAHCBN229IT8APJO305AH5
 |- Actor Path: /Game/Week15-16/Maps/FirstPersonMap.FirstPersonMap:PersistentLevel.DirectionalLight_1
 |- Actor Package: /Game/__ExternalActors__/Week15-16/Maps/FirstPersonMap/0/WB/V4ALNTJYOVWM8BU452CKV5
 |- Actor Path: /Game/Week15-16/Maps/FirstPersonMap.FirstPersonMap:PersistentLevel.ExponentialHeightFog_0
 |- Actor Package: /Game/__ExternalActors__/Week15-16/Maps/FirstPersonMap/0/CL/381LM03PFI8AF9NED1SEV2
 |- Actor Path: /Game/Week15-16/Maps/FirstPersonMap.FirstPersonMap:PersistentLevel.PlayerStart_0
 |- Actor Package: /Game/__ExternalActors__/Week15-16/Maps/FirstPersonMap/8/Z7/W1SXRCM1KAKBJOIZDLHZ47
 |- Actor Path: /Game/Week15-16/Maps/FirstPersonMap.FirstPersonMap:PersistentLevel.PostProcessVolume_0
 |- Actor Package: /Game/__ExternalActors__/Week15-16/Maps/FirstPersonMap/E/MX/R1GV431P5FDO08OFULRA01
 |- Actor Path: /Game/Week15-16/Maps/FirstPersonMap.FirstPersonMap:PersistentLevel.SkyAtmosphere_0
 |- Actor Package: /Game/__ExternalActors__/Week15-16/Maps/FirstPersonMap/C/VO/VMN4G7K3NKKV6F8HTPHHDB
 |- Actor Path: /Game/Week15-16/Maps/FirstPersonMap.FirstPersonMap:PersistentLevel.SkyLight_0
 |- Actor Package: /Game/__ExternalActors__/Week15-16/Maps/FirstPersonMap/6/0Z/5RQIHCZ9W3UXRGL4LTLQAK
 |- Actor Path: /Game/Week15-16/Maps/FirstPersonMap.FirstPersonMap:PersistentLevel.StaticMeshActor_0
 |- Actor Package: /Game/__ExternalActors__/Week15-16/Maps/FirstPersonMap/7/L5/1ZJ54FMA0DAL3I2Q8RFAIB
 |- Actor Path: /Game/Week15-16/Maps/FirstPersonMap.FirstPersonMap:PersistentLevel.StaticMeshActor_10
 |- Actor Package: /Game/__ExternalActors__/Week15-16/Maps/FirstPersonMap/A/XJ/HL558UUAGCS9HVVOI0S7PX
 |- Actor Path: /Game/Week15-16/Maps/FirstPersonMap.FirstPersonMap:PersistentLevel.StaticMeshActor_3
 |- Actor Package: /Game/__ExternalActors__/Week15-16/Maps/FirstPersonMap/3/AI/0XWE3RNM2XQC0ST1KXG02O
 |- Actor Path: /Game/Week15-16/Maps/FirstPersonMap.FirstPersonMap:PersistentLevel.StaticMeshActor_4
 |- Actor Package: /Game/__ExternalActors__/Week15-16/Maps/FirstPersonMap/6/AJ/2XZ3RUK0LFB63FVNQE7P5R
 |- Actor Path: /Game/Week15-16/Maps/FirstPersonMap.FirstPersonMap:PersistentLevel.StaticMeshActor_9
 |- Actor Package: /Game/__ExternalActors__/Week15-16/Maps/FirstPersonMap/E/UE/YUZ9741T50O1SYRX90OB0S
 |- Actor Path: /Game/Week15-16/Maps/FirstPersonMap.FirstPersonMap:PersistentLevel.StaticMeshActor_UAID_A4AE111137DC5EFB00_2001720423
 |- Actor Package: /Game/__ExternalActors__/Week15-16/Maps/FirstPersonMap/C/ZU/PDQ0AB8RLNMVID876FD49G
 |- Actor Path: /Game/Week15-16/Maps/FirstPersonMap.FirstPersonMap:PersistentLevel.StaticMeshActor_UAID_A85E453010AA014002_1538068255
 |- Actor Package: /Game/__ExternalActors__/Week15-16/Maps/FirstPersonMap/6/FN/OAHMJBBVP71W8F7H6R70TM
 |- Actor Path: /Game/Week15-16/Maps/FirstPersonMap.FirstPersonMap:PersistentLevel.TextRenderActor_1
 |- Actor Package: /Game/__ExternalActors__/Week15-16/Maps/FirstPersonMap/1/RN/55P1SMQLAF7OK6300D5I8N
 |- Actor Path: /Game/Week15-16/Maps/FirstPersonMap.FirstPersonMap:PersistentLevel.VolumetricCloud_0
 |- Actor Package: /Game/__ExternalActors__/Week15-16/Maps/FirstPersonMap/0/GO/I8WEFD3RY9V3NVQLSU6QM4
 |- Actor Path: /Game/Week15-16/Maps/FirstPersonMap.FirstPersonMap:PersistentLevel.WorldDataLayers
 |- Actor Package: /Game/__ExternalActors__/Week15-16/Maps/FirstPersonMap/D/0W/E1FKEGVKGOLM7HGLQPCIPO

----------------------------------------------------------------------------------------------------------------
FirstPersonMap - Runtime Hash Set
----------------------------------------------------------------------------------------------------------------

